New log file opened at Wed Jun 15 22:35:18 WIB 2016 by 20398@Ranas-MacBook-Pro.local
Taking next connection to: 54705
New client attempting to connect on port: 54706-54705
  Address = /192.168.1.128:54705
This client on port 54706 has uuid 979820a6-38a9-4fe9-824d-62b2ef7e2008 configName activator humanReadableName Activator protocolVersion 3 featureTags Vector()
Connected Clients: activator-979820a6-38a9-4fe9-824d-62b2ef7e2008
Taking next connection to: 54705
New client attempting to connect on port: 54707-54705
  Address = /192.168.1.128:54705
Handshake exception on socket: 54707
sbt.impl.ipc.HandshakeException: Unable to perform handshake
	at sbt.impl.ipc.Peer.handshake(IPC.scala:46)
	at sbt.impl.ipc.MultiClientServer.<init>(IPC.scala:150)
	at sbt.server.SbtServerSocketHandler$$anon$1.run(SbtServerSocketHandler.scala:43)
Caused by: java.io.EOFException
	at java.io.DataInputStream.readInt(DataInputStream.java:392)
	at sbt.impl.ipc.Peer.receive(IPC.scala:95)
	at sbt.impl.ipc.Peer.handshake(IPC.scala:49)
	... 2 more
Taking next connection to: 54705
New client attempting to connect on port: 54708-54705
  Address = /192.168.1.128:54705
This client on port 54708 has uuid 622f1912-50e3-44a3-b28f-4042e429c9b7 configName activator humanReadableName Activator protocolVersion 3 featureTags Vector()
Connected Clients: activator-979820a6-38a9-4fe9-824d-62b2ef7e2008, activator-622f1912-50e3-44a3-b28f-4042e429c9b7
Taking next connection to: 54705
New client attempting to connect on port: 54709-54705
  Address = /192.168.1.128:54705
Handshake exception on socket: 54709
sbt.impl.ipc.HandshakeException: Unable to perform handshake
	at sbt.impl.ipc.Peer.handshake(IPC.scala:46)
	at sbt.impl.ipc.MultiClientServer.<init>(IPC.scala:150)
	at sbt.server.SbtServerSocketHandler$$anon$1.run(SbtServerSocketHandler.scala:43)
Caused by: java.io.EOFException
	at java.io.DataInputStream.readInt(DataInputStream.java:392)
	at sbt.impl.ipc.Peer.receive(IPC.scala:95)
	at sbt.impl.ipc.Peer.handshake(IPC.scala:49)
	... 2 more
Taking next connection to: 54705
New client attempting to connect on port: 54710-54705
  Address = /192.168.1.128:54705
This client on port 54710 has uuid e3de832e-6fc9-42a0-956f-dce90e1546ad configName activator humanReadableName Activator protocolVersion 3 featureTags Vector()
Connected Clients: activator-979820a6-38a9-4fe9-824d-62b2ef7e2008, activator-622f1912-50e3-44a3-b28f-4042e429c9b7, activator-e3de832e-6fc9-42a0-956f-dce90e1546ad
Taking next connection to: 54705
